10
8
7
10
8
8
8
6
5
7
6
10
10
10
7
10
10
8
9
10
5
10
7
10
7
10
7
10
6
10
10
9
10
9
6
10
10
10
4
7
10
9
8
10
10
8
9
7
9
9
10
8
7
5
5
8
10
4
8
5
6
6
9
7
10
5
8
7
9
10
10
10
10
10
10
8
7
10
9
10
10
10
10
9
10
10
10
9
8
10
10
9
8
9
7
7
9
8
8
10
8
9
6
7
7
10
5
8
10
10
4
10
7
9
7
7
10
9
10
9
10
6
10
10
7
9
6
8
8
10
8
10
9
8
7
9
8
10
10
10
9
8
10
9
9
9
10
10
10
10
8
10
7
9
4
9
10
4
5
10
7
8
10
4
10
8
7
10
10
10
6
10
10
7
10
8
9
10
9
10
10
10
9
8
10
10
10
9
10
10
10
10
10
9
8
10
6
5
10
10
