447
447
440
447
433
394
447
426
422
416
311
431
447
447
445
447
423
436
447
447
447
438
416
447
378
447
447
390
447
396
447
403
246
418
408
419
412
392
440
447
447
447
444
430
353
435
415
432
413
440
440
398
447
447
443
440
423
422
383
331
447
429
447
414
321
416
396
397
443
447
273
446
374
434
397
408
447
277
446
447
422
447
447
447
419
403
436
388
424
436
418
320
405
446
447
447
419
414
434
447
428
433
447
426
447
422
447
447
432
301
447
447
447
443
447
423
432
447
440
420
415
447
364
403
366
388
377
402
399
447
373
416
442
447
447
447
432
447
430
374
388
447
447
418
400
425
440
383
422
447
447
419
447
437
322
442
447
397
404
440
447
385
447
447
446
447
351
447
437
442
446
447
398
447
446
429
447
436
447
447
447
384
394
447
447
436
447
347
430
447
441
424
446
439
424
447
439
434
447
447
445
447
432
437
447
423
447
447
447
422
413
447
391
447
447
420
317
421
425
425
447
405
443
435
447
408
266
438
386
447
447
390
363
405
410
428
423
436
412
447
447
430
408
439
447
447
447
447
397
328
440
447
447
381
296
447
438
447
413
447
447
406
386
444
442
405
437
432
422
428
439
362
447
288
447
446
447
447
442
447
425
431
447
444
447
447
299
434
398
402
447
447
326
401
443
418
439
421
426
447
369
422
348
409
447
425
353
447
443
422
399
432
446
347
356
432
334
338
447
391
431
447
387
408
431
447
416
319
391
447
428
447
356
402
309
442
389
445
447
447
409
397
391
392
365
393
447
442
424
428
447
445
447
376
440
419
421
442
443
447
425
447
447
447
398
447
447
393
447
438
447
447
437
363
447
399
376
447
447
410
447
439
358
316
416
395
447
330
447
447
392
447
438
444
383
443
447
447
447
368
447
447
447
447
439
332
432
420
443
408
354
396
386
447
447
360
447
444
447
435
356
447
445
441
406
447
431
372
447
400
447
371
400
447
300
373
426
447
441
422
447
447
433
447
431
447
411
