397
447
447
314
383
344
356
395
441
387
366
447
447
391
447
418
447
366
437
447
447
447
438
406
416
421
447
429
447
447
432
447
447
411
445
447
441
447
447
437
447
421
433
447
447
447
447
400
447
447
377
447
447
440
431
413
400
422
292
447
428
433
408
433
447
446
417
447
447
437
410
447
425
438
416
295
445
447
447
447
431
447
433
440
447
366
446
447
328
447
394
447
332
444
296
440
381
420
447
447
396
446
428
356
332
423
447
440
424
377
447
447
390
384
407
447
290
438
248
442
399
334
447
435
438
388
447
348
444
435
444
447
433
447
348
431
422
427
437
433
447
379
447
446
428
447
447
394
447
436
420
421
321
423
447
444
415
428
357
419
406
447
447
435
433
346
442
404
441
427
427
447
447
364
414
445
447
440
428
400
447
379
373
423
447
447
447
445
447
404
447
437
447
423
338
447
447
447
435
443
447
438
447
412
447
447
389
444
431
447
399
447
447
398
447
447
447
328
447
447
439
439
414
393
329
437
447
330
444
416
383
447
447
410
438
374
447
286
440
437
447
447
400
352
447
447
325
425
439
384
447
443
447
447
335
436
445
277
400
447
418
262
445
421
407
399
438
441
430
408
424
357
426
439
447
402
329
447
404
429
431
444
447
437
447
403
329
280
441
440
447
428
410
432
447
447
432
444
432
417
424
432
425
447
424
447
447
367
442
441
447
410
447
440
433
447
392
405
421
443
401
405
447
410
447
327
447
431
423
447
406
447
443
423
409
425
362
447
437
424
445
371
392
391
416
415
424
341
447
447
430
437
447
447
396
404
428
413
411
375
447
344
440
421
447
433
447
419
400
434
447
427
398
442
410
440
447
440
445
392
444
447
447
428
447
414
428
443
393
318
442
429
447
427
425
336
445
437
313
381
447
434
413
447
414
447
447
359
447
447
447
438
443
421
447
446
447
406
428
447
434
421
446
401
384
430
439
432
447
397
440
447
441
446
412
447
447
421
447
443
447
447
233
405
447
447
424
