432
434
325
313
447
311
359
405
447
430
422
372
447
447
433
402
447
447
443
402
436
447
447
422
360
418
431
349
385
444
390
442
447
442
447
432
447
447
447
447
447
321
447
447
447
447
447
409
375
447
447
447
399
420
447
407
447
410
397
444
447
381
447
447
423
447
421
377
447
426
447
399
433
447
447
447
447
447
447
447
447
447
447
447
447
439
414
373
447
447
440
432
446
447
447
442
447
447
447
447
434
447
447
447
424
438
447
444
440
447
447
447
447
429
447
447
447
445
447
422
413
432
392
434
447
447
447
447
447
447
416
447
447
447
447
401
442
447
363
447
443
446
447
384
421
430
363
315
447
380
431
409
447
435
447
425
447
403
447
445
447
447
447
433
325
447
447
315
416
447
447
418
443
447
447
399
447
447
408
331
439
362
447
359
445
389
447
447
447
435
414
410
424
440
447
447
447
400
447
324
379
447
447
447
401
447
447
399
447
447
447
447
447
428
447
447
447
419
443
447
447
447
444
411
433
401
436
356
441
447
447
438
429
417
447
447
386
361
414
436
404
399
447
447
447
447
373
404
403
447
447
447
447
371
425
447
336
447
447
404
435
447
447
447
433
379
447
447
445
415
447
384
445
403
447
438
447
447
421
447
447
418
447
432
405
346
447
385
402
447
443
447
447
447
447
426
447
447
433
416
380
405
335
447
447
408
447
447
447
407
403
441
425
442
391
373
447
447
383
447
447
442
447
447
447
348
382
447
447
447
434
413
419
322
447
426
442
284
443
380
443
438
447
447
335
446
343
447
447
414
447
423
447
447
397
355
447
447
447
384
447
372
447
447
422
447
438
346
274
447
447
447
447
447
447
447
447
447
447
447
447
447
447
447
402
445
424
447
447
447
414
447
446
396
447
330
447
412
266
434
414
447
419
442
447
447
447
426
447
447
393
447
405
430
381
447
369
447
402
447
447
406
427
447
388
312
397
447
447
447
447
325
447
386
447
329
447
425
353
420
447
386
434
447
447
444
447
