12
10
15
15
17
16
15
19
15
21
16
19
12
12
9
13
12
14
17
11
15
11
15
17
17
18
15
9
23
15
12
8
21
12
12
23
21
14
13
19
18
16
18
15
14
19
15
20
15
17
13
17
16
14
12
14
22
21
20
13
21
18
14
18
10
13
18
12
18
18
14
21
18
19
19
13
18
13
17
17
19
19
16
18
12
15
20
18
12
14
13
18
18
8
18
18
19
13
15
21
16
14
15
17
10
18
9
16
10
14
19
17
20
9
16
22
15
12
23
21
15
17
15
16
12
16
9
14
11
17
16
11
15
17
19
11
15
18
9
21
18
11
14
18
13
10
15
12
17
16
16
15
13
15
20
15
14
15
14
10
12
18
15
14
14
13
16
18
19
17
10
19
14
17
12
10
13
12
15
15
16
13
12
26
19
15
21
14
20
14
11
19
12
10
15
23
20
13
16
19
17
10
23
15
22
13
17
12
9
19
16
16
18
18
25
15
17
13
14
12
12
14
13
10
20
14
15
14
16
16
13
18
16
19
14
10
18
19
19
18
15
19
17
11
13
25
17
28
17
10
14
17
14
12
15
17
18
13
18
15
14
12
9
15
7
15
15
13
12
20
9
9
15
21
17
12
17
19
11
18
16
13
13
12
19
14
14
10
19
14
16
24
15
17
18
18
13
14
17
17
19
12
15
16
20
15
17
16
16
16
13
14
18
16
15
10
16
12
15
12
17
14
14
9
10
17
18
19
13
12
15
9
23
14
17
20
20
19
12
12
17
14
20
14
16
14
15
15
20
9
13
14
14
25
15
13
23
12
7
16
12
16
13
16
18
9
18
14
15
20
19
18
12
16
18
17
13
14
15
14
15
18
17
15
19
18
11
21
11
14
11
11
13
5
9
14
11
13
15
16
18
15
18
12
11
17
18
18
17
16
21
12
12
14
24
13
13
12
9
12
18
20
15
14
18
13
16
15
13
13
15
19
13
14
14
12
15
19
22
13
16
10
14
21
13
19
13
10
16
15
17
15
10
19
17
9
19
16
25
24
14
21
16
16
10
22
20
18
11
12
17
16
15
14
13
16
13
16
17
13
15
14
14
21
10
16
18
14
12
14
24
14
18
11
16
20
9
14
15
22
