30728
30706
30049
30254
29374
30858
28137
29013
29662
29803
32446
28367
28989
28710
29055
30367
29560
28052
29572
30741
29046
28905
29392
27698
29913
30591
30158
29984
32038
29603
30649
30216
30925
29187
29624
30767
30397
29854
28722
30394
28404
30265
29777
29027
29974
28333
27429
30682
29321
31615
27731
30830
29966
29337
30308
30407
30560
30769
29571
29624
31196
30064
30143
30574
30563
31856
29747
29701
29422
29540
29018
29948
28828
30355
29035
29654
30332
29235
29187
31514
31824
30254
30150
28881
29654
30863
29154
28585
29720
29434
28733
30306
30154
30623
29846
31596
29099
31312
29100
31171
30933
30142
30169
31078
29032
29093
30359
30000
31278
29746
30197
30429
28890
29609
29986
28450
29452
31433
30377
32174
28311
30606
28539
30362
28802
28951
31512
29969
29388
30312
29437
30658
28275
28794
28767
27282
28706
30900
28889
29522
30426
30432
27319
28473
29973
30548
29924
28964
29879
29588
28592
28623
29611
31137
29394
30056
30863
29176
29203
31916
29901
31562
28715
30793
27901
31809
31101
28970
28233
30397
30362
28399
31622
29414
31121
30840
28888
28904
29189
26768
30714
29115
29290
29913
30217
30210
29019
28460
31319
29274
30249
30049
30452
29072
28220
31402
30134
30411
28966
29352
30473
29998
29392
29480
29034
29623
29287
29012
29999
29506
30137
29071
27998
29445
30131
28712
29120
29950
29582
29686
30552
32238
28936
30388
30609
29289
29713
29276
30007
29351
29056
29106
29358
30461
30471
30290
31812
30462
29551
29809
30111
27833
30658
29375
28976
29777
29959
31111
30793
28019
28486
29729
29053
30271
30286
31417
29432
30142
29203
28938
29872
29749
30437
28765
30041
30076
31182
30038
30202
30718
29432
31744
28910
29057
29807
28323
28477
30796
30269
29117
31273
29896
29564
30762
32089
30265
29673
29698
26589
31268
30642
30289
27598
30117
29876
29928
29668
30925
29958
31684
30407
30194
30005
28933
30427
30639
30126
31213
29758
29437
29917
30769
30945
30606
29275
28321
30377
29846
29574
29226
28291
31069
30536
30442
31659
31161
30620
29447
27266
30741
31978
29019
29838
28430
30462
29499
28518
32271
30575
29248
29660
29276
29794
29580
30598
28964
30427
29665
30989
27718
29133
29690
29413
29110
29673
31143
29977
29297
28500
30667
29346
29577
30171
30392
30992
29343
30001
30162
30404
29960
29578
29504
28341
29309
29786
29862
28735
30364
29349
28829
28198
29536
30309
31440
29580
28470
28505
28562
30862
29341
26733
31208
30631
30405
30021
29900
29255
27764
29368
29759
28568
28892
30060
29665
30260
30016
31316
28667
29676
29852
29016
31476
30244
29594
30342
30011
29850
30236
29002
30191
31484
28216
29771
30840
29273
31270
30046
32285
32711
28399
28843
29573
29087
30033
28983
30810
29339
31852
30502
30408
31732
30195
29410
30922
30616
29166
28263
