362
408
348
342
349
399
432
371
342
388
363
424
407
364
314
389
370
331
371
400
353
351
357
368
401
406
406
414
360
391
343
397
345
341
405
352
402
388
383
357
431
319
411
255
395
368
373
415
303
353
414
393
347
431
346
368
356
326
340
401
377
355
383
341
366
368
341
368
366
340
417
359
367
303
357
423
407
324
380
391
450
381
399
410
399
304
384
341
423
355
371
365
322
356
379
358
318
323
388
405
339
366
325
295
414
313
376
419
402
417
398
377
370
453
374
377
367
389
382
355
347
377
376
305
357
332
374
392
373
473
356
366
319
462
372
389
382
352
387
447
408
388
393
329
420
394
421
378
404
384
376
397
362
361
303
394
315
386
353
400
324
415
416
385
352
285
323
426
341
418
360
358
410
411
402
393
374
374
353
329
467
441
435
358
380
445
316
389
366
398
344
307
452
308
343
391
394
365
386
411
365
358
290
391
419
389
384
390
376
377
401
391
405
438
410
370
326
372
451
393
411
357
361
424
401
381
420
362
391
346
317
397
341
380
430
421
405
360
422
350
404
312
374
331
392
367
377
388
402
416
413
407
361
355
335
436
364
337
397
375
433
340
357
378
336
377
381
401
360
382
342
388
345
396
412
421
454
398
375
310
447
395
397
396
361
369
400
391
389
378
384
366
333
429
374
428
359
329
347
349
391
366
366
343
423
418
317
343
398
331
344
404
393
294
309
431
384
371
381
426
319
427
356
425
410
392
390
319
375
370
394
408
400
367
365
406
410
400
331
425
384
344
392
390
294
427
357
401
327
341
351
409
375
386
468
394
422
384
361
342
423
382
422
347
371
372
424
398
442
356
378
456
427
357
366
352
441
373
358
415
358
348
356
388
387
366
328
412
344
427
404
345
325
402
383
352
434
337
387
382
397
393
382
350
295
379
400
412
440
334
388
448
386
457
402
429
392
428
415
398
385
363
399
427
317
402
355
388
301
387
435
402
355
324
421
435
395
340
376
295
340
395
362
337
366
409
342
369
331
419
372
395
360
415
388
431
367
405
329
428
325
452
347
379
387
455
342
342
348
383
328
345
310
385
382
369
360
405
316
364
345
396
326
353
441
336
366
317
371
363
344
306
359
354
415
386
410
348
397
369
375
434
353
388
434
365
359
363
357
337
323
387
405
386
326
364
361
352
328
382
380
327
392
312
383
418
433
339
433
362
382
346
372
383
373
325
422
444
368
329
351
380
352
332
390
299
440
408
373
374
388
324
350
355
377
399
357
395
433
305
347
380
367
384
291
388
405
311
396
353
384
402
374
467
367
427
378
392
402
415
345
352
313
439
375
464
420
381
342
445
418
353
332
430
353
492
377
366
402
375
418
332
379
387
388
397
362
403
393
323
342
392
382
344
361
366
274
343
402
384
339
357
413
360
415
396
410
373
335
353
359
412
350
381
382
351
444
371
457
392
354
366
425
404
419
371
429
330
387
298
403
354
429
427
412
359
312
421
402
349
436
384
398
389
390
376
366
341
399
310
390
388
378
410
366
450
374
393
414
392
385
382
332
333
397
361
341
388
319
361
417
390
330
430
338
343
334
328
398
352
380
396
352
351
378
392
362
385
361
337
379
299
382
459
381
414
374
445
330
379
458
388
364
407
439
388
369
421
421
383
359
370
432
370
336
352
389
332
359
381
329
415
314
367
397
435
348
357
359
468
403
363
436
357
324
395
374
360
396
358
416
437
387
374
406
396
378
341
326
434
386
366
433
441
380
365
312
346
383
385
410
400
400
371
323
374
427
415
428
335
354
302
328
394
319
372
393
363
414
418
325
355
400
365
389
355
383
373
390
394
358
370
392
305
311
382
333
348
411
381
366
407
439
377
361
381
367
378
442
400
350
345
400
363
451
371
433
348
374
376
334
408
346
351
349
354
406
311
374
373
371
342
353
381
344
388
348
362
397
345
414
359
333
371
410
400
393
365
440
388
364
311
313
418
361
369
362
358
405
427
362
359
407
329
415
434
396
381
380
399
394
334
365
334
439
415
397
426
405
411
293
417
396
437
365
349
424
373
461
387
390
379
438
394
321
356
358
432
440
438
387
323
384
363
362
404
443
340
370
422
401
349
346
461
319
370
318
330
425
361
398
334
348
406
397
317
436
345
375
315
423
355
385
374
380
374
310
390
414
314
316
342
302
270
353
341
370
372
344
376
434
342
352
361
383
388
431
330
369
393
361
449
370
399
429
346
373
392
387
344
391
362
364
414
347
445
376
323
376
364
340
394
385
404
407
327
394
408
361
328
367
381
417
328
383
380
400
403
431
380
328
404
360
341
382
305
374
343
387
374
347
329
355
330
340
315
376
347
373
423
375
384
326
430
374
375
385
425
366
392
397
402
360
350
393
387
320
326
345
350
449
450
374
336
408
375
380
342
367
370
389
375
343
320
422
395
413
449
422
380
387
407
281
364
429
336
367
360
456
454
395
439
392
373
391
375
395
374
369
403
393
357
445
344
377
417
414
379
294
421
349
339
402
344
447
430
390
385
357
439
360
370
351
338
335
330
368
355
402
436
392
372
391
400
322
444
386
449
399
368
379
392
362
438
345
354
373
403
421
392
277
419
331
389
315
382
407
345
460
407
378
334
351
354
396
352
404
345
407
386
436
457
424
342
413
356
356
366
405
429
358
372
400
362
384
387
360
440
426
362
386
328
346
401
393
413
354
372
366
367
364
390
369
384
418
368
347
430
381
412
373
356
370
394
375
433
402
399
351
390
361
353
343
375
401
300
409
388
393
389
392
403
443
402
372
377
379
349
370
356
408
359
360
392
405
373
326
374
417
348
366
440
351
403
491
446
356
399
399
386
388
386
317
407
357
419
417
342
394
355
402
396
356
301
372
357
383
360
453
330
365
392
386
353
448
372
392
374
351
405
400
365
401
382
371
320
352
417
333
334
370
375
366
392
394
415
403
387
372
411
409
347
338
369
377
461
354
362
310
401
357
410
367
414
381
346
362
336
409
427
342
381
393
358
382
364
336
382
384
343
395
382
367
332
364
430
424
353
368
404
288
339
429
391
396
365
397
412
389
337
423
456
414
380
364
429
417
389
385
390
308
420
310
372
392
404
491
387
365
333
315
351
365
397
426
429
409
440
383
369
412
299
379
379
390
403
424
384
418
423
421
357
362
388
377
337
394
357
423
417
447
415
406
381
355
415
405
340
416
354
390
429
386
406
359
343
349
413
377
355
408
375
268
384
398
350
376
422
331
313
406
375
414
336
283
372
333
420
382
380
349
400
365
439
420
313
428
401
375
480
356
361
301
408
439
377
420
380
408
367
329
368
305
368
374
395
414
358
419
425
401
430
454
386
396
369
366
395
357
406
347
369
367
387
395
451
406
361
340
396
474
424
330
361
348
383
401
382
358
404
439
343
444
438
423
376
389
353
366
344
289
351
381
360
384
331
375
385
374
367
361
377
420
375
427
358
358
337
413
365
372
328
392
338
402
345
375
391
378
421
427
407
315
365
399
431
338
434
349
358
443
476
345
387
329
367
354
329
394
344
437
391
407
396
314
421
346
345
319
398
327
360
353
347
392
394
268
377
402
359
384
468
348
409
359
418
350
394
393
371
370
491
372
404
341
439
394
395
374
400
394
393
387
414
297
423
385
438
388
346
354
352
327
381
429
396
389
350
371
398
339
401
426
370
415
376
360
401
410
419
370
370
349
387
429
346
354
311
329
400
378
372
357
373
371
358
389
391
296
386
400
375
426
327
357
328
322
349
403
320
342
442
351
353
362
397
332
393
436
408
387
367
359
406
368
399
422
350
377
349
322
315
411
357
343
431
369
412
357
434
272
415
312
371
397
416
364
421
390
407
324
373
405
410
364
439
421
363
355
356
243
349
466
422
337
388
343
355
448
396
340
377
401
356
400
360
377
453
332
378
368
314
368
440
363
414
328
296
366
402
373
338
362
329
353
344
382
384
377
387
278
355
339
378
356
396
356
294
393
391
347
403
347
411
400
354
438
328
362
424
347
408
348
343
301
406
289
389
348
409
377
378
401
335
341
375
382
404
301
365
438
341
386
376
435
395
382
401
415
346
363
422
351
385
481
373
392
384
359
328
415
372
429
386
336
435
400
440
384
345
439
333
411
388
378
334
470
367
394
414
365
367
371
446
391
323
347
370
392
358
440
385
380
386
354
327
422
391
383
326
381
354
332
353
363
342
324
399
408
373
347
358
337
335
408
388
335
379
418
398
304
336
349
324
345
350
427
376
327
400
358
342
406
322
382
375
351
333
339
316
412
391
350
398
327
341
381
289
370
330
411
375
386
345
359
420
407
379
341
396
349
406
396
338
415
363
398
396
400
353
350
456
337
375
456
383
389
391
310
374
414
457
393
392
325
429
338
483
300
298
373
393
354
409
307
448
380
373
287
386
343
384
423
427
347
337
416
385
344
364
384
391
272
321
400
438
420
420
408
372
379
321
350
357
420
420
378
365
354
380
338
364
344
403
358
447
353
404
389
397
388
427
374
359
424
382
376
449
386
401
390
361
381
366
346
333
353
423
384
465
448
402
358
371
361
371
369
346
398
372
364
392
421
382
418
356
390
378
343
400
380
355
346
358
368
377
379
331
395
374
458
337
451
327
399
330
304
402
403
338
389
353
399
375
369
384
354
351
325
352
322
347
450
416
399
375
394
350
369
367
389
368
351
343
384
409
368
382
330
395
368
407
384
370
422
341
449
429
406
386
399
370
361
428
435
390
358
380
361
365
344
345
443
362
372
361
354
365
382
416
424
444
351
361
403
344
363
377
352
384
353
410
362
405
314
351
350
334
376
359
421
431
396
359
318
369
391
378
406
375
396
345
348
434
359
382
448
416
349
359
357
344
368
373
387
360
374
400
356
430
386
374
377
428
448
339
369
392
406
322
350
354
313
418
342
371
383
348
372
433
406
364
331
322
398
354
334
369
362
409
364
430
422
406
374
411
405
393
346
360
331
356
376
419
373
446
363
409
410
347
373
331
315
343
324
325
373
401
356
317
383
376
358
368
395
380
404
335
434
364
417
343
376
457
375
374
353
397
402
404
383
399
353
422
408
352
367
404
355
376
392
377
406
346
328
439
384
381
404
335
372
339
341
383
342
388
373
381
345
443
338
361
371
336
391
418
322
441
387
462
377
402
396
338
377
286
342
345
443
331
413
352
416
325
422
418
348
360
348
371
368
377
387
310
315
450
414
387
447
358
364
400
385
411
370
346
398
379
427
372
386
398
349
370
422
432
394
352
416
380
376
431
401
381
381
359
395
364
422
356
428
382
371
328
356
377
308
352
422
389
413
421
416
338
406
439
423
376
410
398
405
338
402
425
430
389
348
371
360
363
305
341
351
412
316
372
385
394
392
398
337
385
418
418
346
414
350
390
388
424
337
403
392
408
344
409
332
404
340
423
349
348
457
331
330
408
382
385
426
346
376
379
431
307
325
436
354
357
362
375
359
345
389
391
418
446
425
356
337
387
335
338
369
305
335
366
394
415
299
388
395
392
382
363
433
352
360
386
452
427
389
304
389
379
415
385
425
371
388
414
327
326
354
319
417
337
363
391
290
365
342
356
316
352
403
374
403
324
345
396
383
414
301
341
412
285
356
405
416
408
398
382
365
408
330
354
422
416
408
424
338
399
341
373
380
400
349
398
386
415
423
406
350
398
369
372
354
348
361
359
374
337
347
394
344
367
383
422
390
394
362
437
357
382
373
442
408
384
348
390
378
393
415
372
352
348
384
378
319
383
392
391
443
421
412
331
376
373
379
389
423
394
381
387
445
403
352
355
325
378
352
353
385
412
357
383
370
390
387
313
368
315
329
341
432
339
354
401
445
333
390
354
370
355
314
413
392
329
386
348
361
368
409
384
354
328
377
340
414
400
377
380
359
381
407
376
402
382
374
362
372
358
392
337
381
387
332
466
399
403
361
443
363
331
363
418
318
376
365
399
453
399
373
438
345
305
415
350
412
397
317
378
448
439
335
439
421
370
377
336
348
324
389
371
315
376
371
288
366
391
358
319
444
396
367
296
380
401
391
388
384
410
431
340
407
330
374
384
347
394
376
329
319
405
375
419
342
352
341
365
354
420
409
313
415
284
417
328
386
356
418
386
360
399
326
322
457
385
368
366
366
370
384
391
342
413
372
350
335
350
372
383
373
321
344
403
447
398
375
331
322
347
324
340
394
404
359
497
377
397
396
361
399
361
369
388
320
441
342
324
413
419
378
442
368
395
348
418
308
378
352
379
287
373
426
357
344
422
429
371
392
451
370
414
370
392
386
391
349
392
369
425
407
409
373
425
391
324
331
330
385
347
344
442
410
374
367
363
332
350
419
395
450
479
379
393
377
372
322
340
399
393
383
361
351
395
417
387
322
339
310
379
399
394
352
406
423
340
370
435
357
319
388
353
369
374
361
376
363
400
285
371
400
399
411
416
402
428
369
370
370
435
400
311
367
473
382
400
332
435
343
378
434
422
423
356
399
385
375
406
402
443
349
476
427
359
477
379
397
328
440
358
381
352
377
358
402
430
438
377
399
348
322
376
355
333
344
388
418
339
403
352
376
377
349
365
367
386
335
380
349
373
368
420
380
387
347
370
404
403
372
389
354
454
432
342
315
355
368
383
382
377
398
359
436
412
397
333
362
354
417
415
439
385
393
309
411
311
406
402
344
435
375
408
382
413
338
380
402
374
467
380
358
356
411
360
414
404
370
359
406
373
365
402
364
341
403
382
415
349
337
350
382
337
324
379
362
323
389
371
408
358
349
332
462
325
357
398
350
364
363
326
380
401
374
377
382
376
365
337
413
310
307
366
365
446
346
426
370
307
373
376
365
404
426
373
392
349
397
395
338
427
408
340
381
364
441
391
376
392
419
429
307
375
332
420
398
419
427
338
436
402
390
403
369
450
453
311
445
291
376
373
337
424
421
369
391
309
358
412
404
372
357
433
347
359
371
331
356
398
446
354
347
388
358
356
398
368
412
344
358
419
418
343
438
350
400
379
417
314
410
321
407
427
399
320
457
408
345
315
360
444
406
373
334
394
389
397
339
407
402
321
414
339
406
353
411
356
381
361
391
417
383
458
366
369
342
371
316
408
356
423
327
398
403
391
416
379
411
373
442
378
370
435
395
397
467
408
395
372
374
367
384
414
290
405
366
348
383
369
410
349
375
428
323
272
402
359
458
371
406
319
409
350
358
324
393
428
395
283
380
295
349
362
346
404
413
395
371
376
388
342
406
385
377
286
391
412
379
380
362
345
356
401
336
398
392
395
399
357
402
392
380
400
400
437
377
454
336
360
393
343
407
328
341
413
357
362
361
419
370
356
364
400
361
364
384
422
449
361
389
398
332
354
361
400
374
313
355
448
337
375
323
384
384
420
332
388
376
404
388
313
404
390
427
345
367
425
395
399
359
382
392
411
321
327
328
395
366
423
446
346
407
431
384
362
380
412
341
378
382
394
381
383
399
388
424
390
413
410
406
411
386
346
409
375
338
363
428
367
414
455
394
416
365
391
428
344
389
416
340
284
386
332
455
343
338
397
414
450
368
327
352
378
388
457
433
340
420
321
396
415
424
433
383
383
411
417
356
344
331
356
376
409
353
376
460
331
373
451
348
439
354
333
389
408
391
405
389
315
326
323
394
377
360
318
387
402
415
356
398
336
392
375
374
374
360
388
395
382
319
352
371
352
406
376
372
398
397
395
377
352
408
411
432
341
371
371
340
397
492
401
417
358
404
398
426
482
346
369
415
361
428
350
410
403
346
363
334
412
388
355
311
408
409
363
381
326
387
366
307
417
334
329
399
378
413
464
313
332
297
332
372
391
381
315
399
313
371
314
338
389
404
392
389
412
449
388
362
360
367
446
435
370
400
407
444
307
298
380
350
392
387
344
322
388
352
406
396
394
336
394
386
428
370
482
336
346
387
438
371
373
379
355
386
332
311
348
329
390
379
364
414
398
309
412
389
378
309
427
443
369
381
375
412
432
392
361
403
335
364
379
304
371
409
385
372
348
476
324
386
355
417
364
397
328
319
407
399
422
423
393
445
357
401
401
392
392
383
421
405
380
428
368
346
454
368
410
329
335
372
406
409
392
324
364
339
384
385
329
338
374
350
334
421
355
300
353
386
339
375
342
409
451
322
412
425
424
349
346
412
380
338
398
348
333
389
420
359
336
371
392
358
367
354
342
367
408
413
354
366
408
355
346
385
385
339
341
354
316
402
381
367
351
405
334
329
405
418
423
328
405
420
339
362
396
356
361
361
400
336
378
320
375
376
378
331
410
434
380
382
416
412
369
353
379
328
380
386
381
404
343
440
380
371
381
361
377
362
338
353
425
396
396
435
335
356
292
350
354
331
307
465
370
450
382
396
399
405
341
375
374
405
408
367
375
357
423
400
338
410
297
345
421
404
372
319
385
395
433
331
405
347
407
371
320
450
416
424
362
406
377
413
363
446
349
321
387
472
338
407
329
372
371
353
366
363
359
389
357
375
337
377
332
342
372
385
412
358
327
396
398
336
392
392
349
399
328
456
370
445
337
345
366
315
378
359
387
372
354
358
404
398
346
342
383
332
350
411
359
314
416
398
387
382
360
415
380
442
465
433
380
376
407
419
366
379
405
456
394
368
359
391
433
374
390
314
403
433
380
356
345
330
418
377
428
451
409
374
449
456
364
379
363
374
367
334
368
412
362
372
359
339
321
357
348
407
355
369
355
383
383
399
351
422
381
334
379
416
428
368
398
339
411
412
387
334
365
419
338
365
410
350
353
387
372
392
333
356
430
357
374
406
402
372
379
376
398
340
340
412
329
404
407
335
402
369
419
439
404
423
448
342
486
361
448
376
374
409
417
332
399
365
343
395
358
354
379
354
403
392
467
371
408
454
383
338
365
435
421
400
428
397
373
411
379
355
372
366
413
349
308
425
414
298
386
326
362
363
361
429
439
376
380
393
385
376
406
409
310
443
345
371
377
362
384
414
393
378
364
